{"timestamp":"2025-12-10T03:14:48.870062Z","level":"info","event":"DAG bundles loaded: dags-folder","logger":"airflow.dag_processing.bundles.manager.DagBundlesManager","filename":"manager.py","lineno":179}
{"timestamp":"2025-12-10T03:14:48.878689Z","level":"info","event":"Filling up the DagBag from /home/nilay/examen_ing_de_sw_n_data_final/dags/medallion_medallion_dag.py","logger":"airflow.models.dagbag.DagBag","filename":"dagbag.py","lineno":593}
{"timestamp":"2025-12-10T03:14:50.853960Z","level":"warning","event":"The `airflow.operators.python.PythonOperator` attribute is deprecated. Please use `'airflow.providers.standard.operators.python.PythonOperator'`.","category":"DeprecatedImportWarning","filename":"/home/nilay/examen_ing_de_sw_n_data_final/dags/medallion_medallion_dag.py","lineno":15,"logger":"py.warnings"}
{"timestamp":"2025-12-10T03:14:50.892198Z","level":"info","event":"[silver_dbt_run] Ejecutando dbt run para ds_nodash=20251202","logger":"task.stdout"}
{"timestamp":"2025-12-10T03:15:01.016142Z","level":"info","event":"[silver_dbt_run] STDOUT:","logger":"task.stdout"}
{"timestamp":"2025-12-10T03:15:01.016526Z","level":"info","event":" \u001b[0m03:14:55  Running with dbt=1.10.15","logger":"task.stdout"}
{"timestamp":"2025-12-10T03:15:01.016619Z","level":"info","event":"\u001b[0m03:14:56  Registered adapter: duckdb=1.10.0","logger":"task.stdout"}
{"timestamp":"2025-12-10T03:15:01.016688Z","level":"info","event":"\u001b[0m03:14:56  Unable to do partial parsing because saved manifest not found. Starting full parse.","logger":"task.stdout"}
{"timestamp":"2025-12-10T03:15:01.016753Z","level":"info","event":"\u001b[0m03:14:59  [\u001b[33mWARNING\u001b[0m][MissingArgumentsPropertyInGenericTestDeprecation]: Deprecated","logger":"task.stdout"}
{"timestamp":"2025-12-10T03:15:01.016809Z","level":"info","event":"functionality","logger":"task.stdout"}
{"timestamp":"2025-12-10T03:15:01.016862Z","level":"info","event":"Found top-level arguments to test `accepted_values`. Arguments to generic tests","logger":"task.stdout"}
{"timestamp":"2025-12-10T03:15:01.016919Z","level":"info","event":"should be nested under the `arguments` property.`","logger":"task.stdout"}
{"timestamp":"2025-12-10T03:15:01.016983Z","level":"info","event":"\u001b[0m03:14:59  Encountered an error:","logger":"task.stdout"}
{"timestamp":"2025-12-10T03:15:01.017039Z","level":"info","event":"[Errno 13] Permission denied: '/home/nilay/examen_ing_de_sw_n_data_final/dbt/target/partial_parse.msgpack'","logger":"task.stdout"}
{"timestamp":"2025-12-10T03:15:01.017094Z","level":"info","event":"\u001b[0m03:14:59  Traceback (most recent call last):","logger":"task.stdout"}
{"timestamp":"2025-12-10T03:15:01.017147Z","level":"info","event":"  File \"/home/nilay/examen_ing_de_sw_n_data_final/.venv/lib/python3.12/site-packages/dbt/cli/requires.py\", line 178, in wrapper","logger":"task.stdout"}
{"timestamp":"2025-12-10T03:15:01.017199Z","level":"info","event":"    result, success = func(*args, **kwargs)","logger":"task.stdout"}
{"timestamp":"2025-12-10T03:15:01.017246Z","level":"info","event":"                      ^^^^^^^^^^^^^^^^^^^^^","logger":"task.stdout"}
{"timestamp":"2025-12-10T03:15:01.017294Z","level":"info","event":"  File \"/home/nilay/examen_ing_de_sw_n_data_final/.venv/lib/python3.12/site-packages/dbt/cli/requires.py\", line 128, in wrapper","logger":"task.stdout"}
{"timestamp":"2025-12-10T03:15:01.017344Z","level":"info","event":"    return func(*args, **kwargs)","logger":"task.stdout"}
{"timestamp":"2025-12-10T03:15:01.017393Z","level":"info","event":"           ^^^^^^^^^^^^^^^^^^^^^","logger":"task.stdout"}
{"timestamp":"2025-12-10T03:15:01.017443Z","level":"info","event":"  File \"/home/nilay/examen_ing_de_sw_n_data_final/.venv/lib/python3.12/site-packages/dbt/cli/requires.py\", line 272, in wrapper","logger":"task.stdout"}
{"timestamp":"2025-12-10T03:15:01.017491Z","level":"info","event":"    return func(*args, **kwargs)","logger":"task.stdout"}
{"timestamp":"2025-12-10T03:15:01.017539Z","level":"info","event":"           ^^^^^^^^^^^^^^^^^^^^^","logger":"task.stdout"}
{"timestamp":"2025-12-10T03:15:01.017845Z","level":"info","event":"  File \"/home/nilay/examen_ing_de_sw_n_data_final/.venv/lib/python3.12/site-packages/dbt/cli/requires.py\", line 303, in wrapper","logger":"task.stdout"}
{"timestamp":"2025-12-10T03:15:01.017952Z","level":"info","event":"    return func(*args, **kwargs)","logger":"task.stdout"}
{"timestamp":"2025-12-10T03:15:01.018021Z","level":"info","event":"           ^^^^^^^^^^^^^^^^^^^^^","logger":"task.stdout"}
{"timestamp":"2025-12-10T03:15:01.018079Z","level":"info","event":"  File \"/home/nilay/examen_ing_de_sw_n_data_final/.venv/lib/python3.12/site-packages/dbt/cli/requires.py\", line 373, in wrapper","logger":"task.stdout"}
{"timestamp":"2025-12-10T03:15:01.018136Z","level":"info","event":"    return func(*args, **kwargs)","logger":"task.stdout"}
{"timestamp":"2025-12-10T03:15:01.018200Z","level":"info","event":"           ^^^^^^^^^^^^^^^^^^^^^","logger":"task.stdout"}
{"timestamp":"2025-12-10T03:15:01.018254Z","level":"info","event":"  File \"/home/nilay/examen_ing_de_sw_n_data_final/.venv/lib/python3.12/site-packages/dbt/cli/requires.py\", line 350, in wrapper","logger":"task.stdout"}
{"timestamp":"2025-12-10T03:15:01.018306Z","level":"info","event":"    return func(*args, **kwargs)","logger":"task.stdout"}
{"timestamp":"2025-12-10T03:15:01.018357Z","level":"info","event":"           ^^^^^^^^^^^^^^^^^^^^^","logger":"task.stdout"}
{"timestamp":"2025-12-10T03:15:01.018408Z","level":"info","event":"  File \"/home/nilay/examen_ing_de_sw_n_data_final/.venv/lib/python3.12/site-packages/dbt/cli/requires.py\", line 389, in wrapper","logger":"task.stdout"}
{"timestamp":"2025-12-10T03:15:01.018460Z","level":"info","event":"    setup_manifest(ctx, write=write, write_perf_info=write_perf_info)","logger":"task.stdout"}
{"timestamp":"2025-12-10T03:15:01.018511Z","level":"info","event":"  File \"/home/nilay/examen_ing_de_sw_n_data_final/.venv/lib/python3.12/site-packages/dbt/cli/requires.py\", line 416, in setup_manifest","logger":"task.stdout"}
{"timestamp":"2025-12-10T03:15:01.018563Z","level":"info","event":"    ctx.obj[\"manifest\"] = parse_manifest(","logger":"task.stdout"}
{"timestamp":"2025-12-10T03:15:01.018613Z","level":"info","event":"                          ^^^^^^^^^^^^^^^","logger":"task.stdout"}
{"timestamp":"2025-12-10T03:15:01.018662Z","level":"info","event":"  File \"/home/nilay/examen_ing_de_sw_n_data_final/.venv/lib/python3.12/site-packages/dbt/parser/manifest.py\", line 2123, in parse_manifest","logger":"task.stdout"}
{"timestamp":"2025-12-10T03:15:01.018710Z","level":"info","event":"    manifest = ManifestLoader.get_full_manifest(","logger":"task.stdout"}
{"timestamp":"2025-12-10T03:15:01.018758Z","level":"info","event":"               ^^^^^^^^^^^^^^^^^^^^^^^^^^^^^^^^^","logger":"task.stdout"}
{"timestamp":"2025-12-10T03:15:01.018805Z","level":"info","event":"  File \"/home/nilay/examen_ing_de_sw_n_data_final/.venv/lib/python3.12/site-packages/dbt/parser/manifest.py\", line 320, in get_full_manifest","logger":"task.stdout"}
{"timestamp":"2025-12-10T03:15:01.018875Z","level":"info","event":"    manifest = loader.load()","logger":"task.stdout"}
{"timestamp":"2025-12-10T03:15:01.018992Z","level":"info","event":"               ^^^^^^^^^^^^^","logger":"task.stdout"}
{"timestamp":"2025-12-10T03:15:01.019152Z","level":"info","event":"  File \"/home/nilay/examen_ing_de_sw_n_data_final/.venv/lib/python3.12/site-packages/dbt/parser/manifest.py\", line 518, in load","logger":"task.stdout"}
{"timestamp":"2025-12-10T03:15:01.019307Z","level":"info","event":"    self.write_manifest_for_partial_parse()","logger":"task.stdout"}
{"timestamp":"2025-12-10T03:15:01.019549Z","level":"info","event":"  File \"/home/nilay/examen_ing_de_sw_n_data_final/.venv/lib/python3.12/site-packages/dbt/parser/manifest.py\", line 828, in write_manifest_for_partial_parse","logger":"task.stdout"}
{"timestamp":"2025-12-10T03:15:01.019718Z","level":"info","event":"    with open(path, \"wb\") as fp:","logger":"task.stdout"}
{"timestamp":"2025-12-10T03:15:01.019799Z","level":"info","event":"         ^^^^^^^^^^^^^^^^","logger":"task.stdout"}
{"timestamp":"2025-12-10T03:15:01.019950Z","level":"info","event":"PermissionError: [Errno 13] Permission denied: '/home/nilay/examen_ing_de_sw_n_data_final/dbt/target/partial_parse.msgpack'","logger":"task.stdout"}
{"timestamp":"2025-12-10T03:15:01.020032Z","level":"info","event":"","logger":"task.stdout"}
{"timestamp":"2025-12-10T03:15:01.020095Z","level":"info","event":"\u001b[0m03:14:59  [\u001b[33mWARNING\u001b[0m][DeprecationsSummary]: Deprecated functionality","logger":"task.stdout"}
{"timestamp":"2025-12-10T03:15:01.020152Z","level":"info","event":"Summary of encountered deprecations:","logger":"task.stdout"}
{"timestamp":"2025-12-10T03:15:01.020205Z","level":"info","event":"- MissingArgumentsPropertyInGenericTestDeprecation: 1 occurrence","logger":"task.stdout"}
{"timestamp":"2025-12-10T03:15:01.020258Z","level":"info","event":"To see all deprecation instances instead of just the first occurrence of each,","logger":"task.stdout"}
{"timestamp":"2025-12-10T03:15:01.020309Z","level":"info","event":"run command again with the `--show-all-deprecations` flag. You may also need to","logger":"task.stdout"}
{"timestamp":"2025-12-10T03:15:01.020359Z","level":"info","event":"run with `--no-partial-parse` as some deprecations are only encountered during","logger":"task.stdout"}
{"timestamp":"2025-12-10T03:15:01.020407Z","level":"info","event":"parsing.","logger":"task.stdout"}
{"timestamp":"2025-12-10T03:15:01.020559Z","level":"info","event":"","logger":"task.stdout"}
{"timestamp":"2025-12-10T03:15:01.020633Z","level":"info","event":"[silver_dbt_run] STDERR:","logger":"task.stdout"}
{"timestamp":"2025-12-10T03:15:01.020693Z","level":"info","event":"","logger":"task.stdout"}
{"timestamp":"2025-12-10T03:15:01.016539Z","level":"error","event":"Task failed with exception","logger":"task","filename":"task_runner.py","lineno":980,"error_detail":[{"exc_type":"AirflowException","exc_value":"dbt run falló. Revisar logs de STDOUT/STDERR.","exc_notes":[],"syntax_error":null,"is_cause":false,"frames":[{"filename":"/home/nilay/examen_ing_de_sw_n_data_final/.venv/lib/python3.12/site-packages/airflow/sdk/execution_time/task_runner.py","lineno":928,"name":"run"},{"filename":"/home/nilay/examen_ing_de_sw_n_data_final/.venv/lib/python3.12/site-packages/airflow/sdk/execution_time/task_runner.py","lineno":1315,"name":"_execute_task"},{"filename":"/home/nilay/examen_ing_de_sw_n_data_final/.venv/lib/python3.12/site-packages/airflow/sdk/bases/operator.py","lineno":416,"name":"wrapper"},{"filename":"/home/nilay/examen_ing_de_sw_n_data_final/.venv/lib/python3.12/site-packages/airflow/providers/standard/operators/python.py","lineno":215,"name":"execute"},{"filename":"/home/nilay/examen_ing_de_sw_n_data_final/.venv/lib/python3.12/site-packages/airflow/providers/standard/operators/python.py","lineno":238,"name":"execute_callable"},{"filename":"/home/nilay/examen_ing_de_sw_n_data_final/.venv/lib/python3.12/site-packages/airflow/sdk/execution_time/callback_runner.py","lineno":82,"name":"run"},{"filename":"/home/nilay/examen_ing_de_sw_n_data_final/dags/medallion_medallion_dag.py","lineno":92,"name":"_silver_dbt_run"}],"is_group":false,"exceptions":[]}]}
