{"timestamp":"2025-12-10T03:16:03.888410Z","level":"info","event":"DAG bundles loaded: dags-folder","logger":"airflow.dag_processing.bundles.manager.DagBundlesManager","filename":"manager.py","lineno":179}
{"timestamp":"2025-12-10T03:16:03.892313Z","level":"info","event":"Filling up the DagBag from /home/nilay/examen_ing_de_sw_n_data_final/dags/medallion_medallion_dag.py","logger":"airflow.models.dagbag.DagBag","filename":"dagbag.py","lineno":593}
{"timestamp":"2025-12-10T03:16:05.713880Z","level":"warning","event":"The `airflow.operators.python.PythonOperator` attribute is deprecated. Please use `'airflow.providers.standard.operators.python.PythonOperator'`.","category":"DeprecatedImportWarning","filename":"/home/nilay/examen_ing_de_sw_n_data_final/dags/medallion_medallion_dag.py","lineno":15,"logger":"py.warnings"}
{"timestamp":"2025-12-10T03:16:05.754759Z","level":"info","event":"[silver_dbt_run] Ejecutando dbt run para ds_nodash=20251201","logger":"task.stdout"}
{"timestamp":"2025-12-10T03:16:15.637448Z","level":"info","event":"[silver_dbt_run] STDOUT:","logger":"task.stdout"}
{"timestamp":"2025-12-10T03:16:15.637712Z","level":"info","event":" \u001b[0m03:16:10  Running with dbt=1.10.15","logger":"task.stdout"}
{"timestamp":"2025-12-10T03:16:15.637795Z","level":"info","event":"\u001b[0m03:16:11  Registered adapter: duckdb=1.10.0","logger":"task.stdout"}
{"timestamp":"2025-12-10T03:16:15.637860Z","level":"info","event":"\u001b[0m03:16:11  Unable to do partial parsing because saved manifest not found. Starting full parse.","logger":"task.stdout"}
{"timestamp":"2025-12-10T03:16:15.637919Z","level":"info","event":"\u001b[0m03:16:13  [\u001b[33mWARNING\u001b[0m][MissingArgumentsPropertyInGenericTestDeprecation]: Deprecated","logger":"task.stdout"}
{"timestamp":"2025-12-10T03:16:15.637974Z","level":"info","event":"functionality","logger":"task.stdout"}
{"timestamp":"2025-12-10T03:16:15.638027Z","level":"info","event":"Found top-level arguments to test `accepted_values`. Arguments to generic tests","logger":"task.stdout"}
{"timestamp":"2025-12-10T03:16:15.638082Z","level":"info","event":"should be nested under the `arguments` property.`","logger":"task.stdout"}
{"timestamp":"2025-12-10T03:16:15.638138Z","level":"info","event":"\u001b[0m03:16:14  Encountered an error:","logger":"task.stdout"}
{"timestamp":"2025-12-10T03:16:15.638192Z","level":"info","event":"[Errno 13] Permission denied: '/home/nilay/examen_ing_de_sw_n_data_final/dbt/target/partial_parse.msgpack'","logger":"task.stdout"}
{"timestamp":"2025-12-10T03:16:15.638247Z","level":"info","event":"\u001b[0m03:16:14  Traceback (most recent call last):","logger":"task.stdout"}
{"timestamp":"2025-12-10T03:16:15.638299Z","level":"info","event":"  File \"/home/nilay/examen_ing_de_sw_n_data_final/.venv/lib/python3.12/site-packages/dbt/cli/requires.py\", line 178, in wrapper","logger":"task.stdout"}
{"timestamp":"2025-12-10T03:16:15.638350Z","level":"info","event":"    result, success = func(*args, **kwargs)","logger":"task.stdout"}
{"timestamp":"2025-12-10T03:16:15.638399Z","level":"info","event":"                      ^^^^^^^^^^^^^^^^^^^^^","logger":"task.stdout"}
{"timestamp":"2025-12-10T03:16:15.638449Z","level":"info","event":"  File \"/home/nilay/examen_ing_de_sw_n_data_final/.venv/lib/python3.12/site-packages/dbt/cli/requires.py\", line 128, in wrapper","logger":"task.stdout"}
{"timestamp":"2025-12-10T03:16:15.638498Z","level":"info","event":"    return func(*args, **kwargs)","logger":"task.stdout"}
{"timestamp":"2025-12-10T03:16:15.638546Z","level":"info","event":"           ^^^^^^^^^^^^^^^^^^^^^","logger":"task.stdout"}
{"timestamp":"2025-12-10T03:16:15.638592Z","level":"info","event":"  File \"/home/nilay/examen_ing_de_sw_n_data_final/.venv/lib/python3.12/site-packages/dbt/cli/requires.py\", line 272, in wrapper","logger":"task.stdout"}
{"timestamp":"2025-12-10T03:16:15.638640Z","level":"info","event":"    return func(*args, **kwargs)","logger":"task.stdout"}
{"timestamp":"2025-12-10T03:16:15.638692Z","level":"info","event":"           ^^^^^^^^^^^^^^^^^^^^^","logger":"task.stdout"}
{"timestamp":"2025-12-10T03:16:15.639781Z","level":"info","event":"  File \"/home/nilay/examen_ing_de_sw_n_data_final/.venv/lib/python3.12/site-packages/dbt/cli/requires.py\", line 303, in wrapper","logger":"task.stdout"}
{"timestamp":"2025-12-10T03:16:15.639912Z","level":"info","event":"    return func(*args, **kwargs)","logger":"task.stdout"}
{"timestamp":"2025-12-10T03:16:15.639982Z","level":"info","event":"           ^^^^^^^^^^^^^^^^^^^^^","logger":"task.stdout"}
{"timestamp":"2025-12-10T03:16:15.640042Z","level":"info","event":"  File \"/home/nilay/examen_ing_de_sw_n_data_final/.venv/lib/python3.12/site-packages/dbt/cli/requires.py\", line 373, in wrapper","logger":"task.stdout"}
{"timestamp":"2025-12-10T03:16:15.640097Z","level":"info","event":"    return func(*args, **kwargs)","logger":"task.stdout"}
{"timestamp":"2025-12-10T03:16:15.640153Z","level":"info","event":"           ^^^^^^^^^^^^^^^^^^^^^","logger":"task.stdout"}
{"timestamp":"2025-12-10T03:16:15.640204Z","level":"info","event":"  File \"/home/nilay/examen_ing_de_sw_n_data_final/.venv/lib/python3.12/site-packages/dbt/cli/requires.py\", line 350, in wrapper","logger":"task.stdout"}
{"timestamp":"2025-12-10T03:16:15.640253Z","level":"info","event":"    return func(*args, **kwargs)","logger":"task.stdout"}
{"timestamp":"2025-12-10T03:16:15.640302Z","level":"info","event":"           ^^^^^^^^^^^^^^^^^^^^^","logger":"task.stdout"}
{"timestamp":"2025-12-10T03:16:15.640351Z","level":"info","event":"  File \"/home/nilay/examen_ing_de_sw_n_data_final/.venv/lib/python3.12/site-packages/dbt/cli/requires.py\", line 389, in wrapper","logger":"task.stdout"}
{"timestamp":"2025-12-10T03:16:15.640399Z","level":"info","event":"    setup_manifest(ctx, write=write, write_perf_info=write_perf_info)","logger":"task.stdout"}
{"timestamp":"2025-12-10T03:16:15.640447Z","level":"info","event":"  File \"/home/nilay/examen_ing_de_sw_n_data_final/.venv/lib/python3.12/site-packages/dbt/cli/requires.py\", line 416, in setup_manifest","logger":"task.stdout"}
{"timestamp":"2025-12-10T03:16:15.640498Z","level":"info","event":"    ctx.obj[\"manifest\"] = parse_manifest(","logger":"task.stdout"}
{"timestamp":"2025-12-10T03:16:15.640545Z","level":"info","event":"                          ^^^^^^^^^^^^^^^","logger":"task.stdout"}
{"timestamp":"2025-12-10T03:16:15.640594Z","level":"info","event":"  File \"/home/nilay/examen_ing_de_sw_n_data_final/.venv/lib/python3.12/site-packages/dbt/parser/manifest.py\", line 2123, in parse_manifest","logger":"task.stdout"}
{"timestamp":"2025-12-10T03:16:15.640641Z","level":"info","event":"    manifest = ManifestLoader.get_full_manifest(","logger":"task.stdout"}
{"timestamp":"2025-12-10T03:16:15.640688Z","level":"info","event":"               ^^^^^^^^^^^^^^^^^^^^^^^^^^^^^^^^^","logger":"task.stdout"}
{"timestamp":"2025-12-10T03:16:15.640735Z","level":"info","event":"  File \"/home/nilay/examen_ing_de_sw_n_data_final/.venv/lib/python3.12/site-packages/dbt/parser/manifest.py\", line 320, in get_full_manifest","logger":"task.stdout"}
{"timestamp":"2025-12-10T03:16:15.640781Z","level":"info","event":"    manifest = loader.load()","logger":"task.stdout"}
{"timestamp":"2025-12-10T03:16:15.640829Z","level":"info","event":"               ^^^^^^^^^^^^^","logger":"task.stdout"}
{"timestamp":"2025-12-10T03:16:15.640885Z","level":"info","event":"  File \"/home/nilay/examen_ing_de_sw_n_data_final/.venv/lib/python3.12/site-packages/dbt/parser/manifest.py\", line 518, in load","logger":"task.stdout"}
{"timestamp":"2025-12-10T03:16:15.640938Z","level":"info","event":"    self.write_manifest_for_partial_parse()","logger":"task.stdout"}
{"timestamp":"2025-12-10T03:16:15.640988Z","level":"info","event":"  File \"/home/nilay/examen_ing_de_sw_n_data_final/.venv/lib/python3.12/site-packages/dbt/parser/manifest.py\", line 828, in write_manifest_for_partial_parse","logger":"task.stdout"}
{"timestamp":"2025-12-10T03:16:15.641038Z","level":"info","event":"    with open(path, \"wb\") as fp:","logger":"task.stdout"}
{"timestamp":"2025-12-10T03:16:15.641087Z","level":"info","event":"         ^^^^^^^^^^^^^^^^","logger":"task.stdout"}
{"timestamp":"2025-12-10T03:16:15.641191Z","level":"info","event":"PermissionError: [Errno 13] Permission denied: '/home/nilay/examen_ing_de_sw_n_data_final/dbt/target/partial_parse.msgpack'","logger":"task.stdout"}
{"timestamp":"2025-12-10T03:16:15.641253Z","level":"info","event":"","logger":"task.stdout"}
{"timestamp":"2025-12-10T03:16:15.641443Z","level":"info","event":"\u001b[0m03:16:14  [\u001b[33mWARNING\u001b[0m][DeprecationsSummary]: Deprecated functionality","logger":"task.stdout"}
{"timestamp":"2025-12-10T03:16:15.641547Z","level":"info","event":"Summary of encountered deprecations:","logger":"task.stdout"}
{"timestamp":"2025-12-10T03:16:15.641617Z","level":"info","event":"- MissingArgumentsPropertyInGenericTestDeprecation: 1 occurrence","logger":"task.stdout"}
{"timestamp":"2025-12-10T03:16:15.641679Z","level":"info","event":"To see all deprecation instances instead of just the first occurrence of each,","logger":"task.stdout"}
{"timestamp":"2025-12-10T03:16:15.641735Z","level":"info","event":"run command again with the `--show-all-deprecations` flag. You may also need to","logger":"task.stdout"}
{"timestamp":"2025-12-10T03:16:15.641789Z","level":"info","event":"run with `--no-partial-parse` as some deprecations are only encountered during","logger":"task.stdout"}
{"timestamp":"2025-12-10T03:16:15.641840Z","level":"info","event":"parsing.","logger":"task.stdout"}
{"timestamp":"2025-12-10T03:16:15.642015Z","level":"info","event":"","logger":"task.stdout"}
{"timestamp":"2025-12-10T03:16:15.642089Z","level":"info","event":"[silver_dbt_run] STDERR:","logger":"task.stdout"}
{"timestamp":"2025-12-10T03:16:15.642149Z","level":"info","event":"","logger":"task.stdout"}
{"timestamp":"2025-12-10T03:16:15.637690Z","level":"error","event":"Task failed with exception","logger":"task","filename":"task_runner.py","lineno":980,"error_detail":[{"exc_type":"AirflowException","exc_value":"dbt run falló. Revisar logs de STDOUT/STDERR.","exc_notes":[],"syntax_error":null,"is_cause":false,"frames":[{"filename":"/home/nilay/examen_ing_de_sw_n_data_final/.venv/lib/python3.12/site-packages/airflow/sdk/execution_time/task_runner.py","lineno":928,"name":"run"},{"filename":"/home/nilay/examen_ing_de_sw_n_data_final/.venv/lib/python3.12/site-packages/airflow/sdk/execution_time/task_runner.py","lineno":1315,"name":"_execute_task"},{"filename":"/home/nilay/examen_ing_de_sw_n_data_final/.venv/lib/python3.12/site-packages/airflow/sdk/bases/operator.py","lineno":416,"name":"wrapper"},{"filename":"/home/nilay/examen_ing_de_sw_n_data_final/.venv/lib/python3.12/site-packages/airflow/providers/standard/operators/python.py","lineno":215,"name":"execute"},{"filename":"/home/nilay/examen_ing_de_sw_n_data_final/.venv/lib/python3.12/site-packages/airflow/providers/standard/operators/python.py","lineno":238,"name":"execute_callable"},{"filename":"/home/nilay/examen_ing_de_sw_n_data_final/.venv/lib/python3.12/site-packages/airflow/sdk/execution_time/callback_runner.py","lineno":82,"name":"run"},{"filename":"/home/nilay/examen_ing_de_sw_n_data_final/dags/medallion_medallion_dag.py","lineno":92,"name":"_silver_dbt_run"}],"is_group":false,"exceptions":[]}]}
