{"timestamp":"2025-12-10T02:33:17.290383Z","level":"info","event":"DAG bundles loaded: dags-folder","logger":"airflow.dag_processing.bundles.manager.DagBundlesManager","filename":"manager.py","lineno":179}
{"timestamp":"2025-12-10T02:33:17.292155Z","level":"info","event":"Filling up the DagBag from /home/nilay/examen_ing_de_sw_n_data_final/dags/medallion_medallion_dag.py","logger":"airflow.models.dagbag.DagBag","filename":"dagbag.py","lineno":593}
{"timestamp":"2025-12-10T02:33:18.789064Z","level":"warning","event":"The `airflow.operators.python.PythonOperator` attribute is deprecated. Please use `'airflow.providers.standard.operators.python.PythonOperator'`.","category":"DeprecatedImportWarning","filename":"/home/nilay/examen_ing_de_sw_n_data_final/dags/medallion_medallion_dag.py","lineno":15,"logger":"py.warnings"}
{"timestamp":"2025-12-10T02:33:18.859870Z","level":"info","event":"[silver_dbt_run] Ejecutando dbt run para ds_nodash=20251201","logger":"task.stdout"}
{"timestamp":"2025-12-10T02:33:30.838589Z","level":"info","event":"[silver_dbt_run] STDOUT: \u001b[0m02:33:24  Running with dbt=1.10.15","logger":"task.stdout"}
{"timestamp":"2025-12-10T02:33:30.839382Z","level":"info","event":"\u001b[0m02:33:25  Registered adapter: duckdb=1.10.0","logger":"task.stdout"}
{"timestamp":"2025-12-10T02:33:30.839492Z","level":"info","event":"\u001b[0m02:33:26  Unable to do partial parsing because saved manifest not found. Starting full parse.","logger":"task.stdout"}
{"timestamp":"2025-12-10T02:33:30.839571Z","level":"info","event":"\u001b[0m02:33:28  [\u001b[33mWARNING\u001b[0m][MissingArgumentsPropertyInGenericTestDeprecation]: Deprecated","logger":"task.stdout"}
{"timestamp":"2025-12-10T02:33:30.839640Z","level":"info","event":"functionality","logger":"task.stdout"}
{"timestamp":"2025-12-10T02:33:30.839704Z","level":"info","event":"Found top-level arguments to test `accepted_values`. Arguments to generic tests","logger":"task.stdout"}
{"timestamp":"2025-12-10T02:33:30.839775Z","level":"info","event":"should be nested under the `arguments` property.`","logger":"task.stdout"}
{"timestamp":"2025-12-10T02:33:30.839972Z","level":"info","event":"\u001b[0m02:33:29  Encountered an error:","logger":"task.stdout"}
{"timestamp":"2025-12-10T02:33:30.840067Z","level":"info","event":"[Errno 13] Permission denied: '/home/nilay/examen_ing_de_sw_n_data_final/dbt/target/partial_parse.msgpack'","logger":"task.stdout"}
{"timestamp":"2025-12-10T02:33:30.840271Z","level":"info","event":"\u001b[0m02:33:29  Traceback (most recent call last):","logger":"task.stdout"}
{"timestamp":"2025-12-10T02:33:30.840382Z","level":"info","event":"  File \"/home/nilay/examen_ing_de_sw_n_data_final/.venv/lib/python3.12/site-packages/dbt/cli/requires.py\", line 178, in wrapper","logger":"task.stdout"}
{"timestamp":"2025-12-10T02:33:30.840463Z","level":"info","event":"    result, success = func(*args, **kwargs)","logger":"task.stdout"}
{"timestamp":"2025-12-10T02:33:30.840532Z","level":"info","event":"                      ^^^^^^^^^^^^^^^^^^^^^","logger":"task.stdout"}
{"timestamp":"2025-12-10T02:33:30.840596Z","level":"info","event":"  File \"/home/nilay/examen_ing_de_sw_n_data_final/.venv/lib/python3.12/site-packages/dbt/cli/requires.py\", line 128, in wrapper","logger":"task.stdout"}
{"timestamp":"2025-12-10T02:33:30.840658Z","level":"info","event":"    return func(*args, **kwargs)","logger":"task.stdout"}
{"timestamp":"2025-12-10T02:33:30.840720Z","level":"info","event":"           ^^^^^^^^^^^^^^^^^^^^^","logger":"task.stdout"}
{"timestamp":"2025-12-10T02:33:30.840778Z","level":"info","event":"  File \"/home/nilay/examen_ing_de_sw_n_data_final/.venv/lib/python3.12/site-packages/dbt/cli/requires.py\", line 272, in wrapper","logger":"task.stdout"}
{"timestamp":"2025-12-10T02:33:30.840834Z","level":"info","event":"    return func(*args, **kwargs)","logger":"task.stdout"}
{"timestamp":"2025-12-10T02:33:30.840890Z","level":"info","event":"           ^^^^^^^^^^^^^^^^^^^^^","logger":"task.stdout"}
{"timestamp":"2025-12-10T02:33:30.840947Z","level":"info","event":"  File \"/home/nilay/examen_ing_de_sw_n_data_final/.venv/lib/python3.12/site-packages/dbt/cli/requires.py\", line 303, in wrapper","logger":"task.stdout"}
{"timestamp":"2025-12-10T02:33:30.841029Z","level":"info","event":"    return func(*args, **kwargs)","logger":"task.stdout"}
{"timestamp":"2025-12-10T02:33:30.841205Z","level":"info","event":"           ^^^^^^^^^^^^^^^^^^^^^","logger":"task.stdout"}
{"timestamp":"2025-12-10T02:33:30.841346Z","level":"info","event":"  File \"/home/nilay/examen_ing_de_sw_n_data_final/.venv/lib/python3.12/site-packages/dbt/cli/requires.py\", line 373, in wrapper","logger":"task.stdout"}
{"timestamp":"2025-12-10T02:33:30.841478Z","level":"info","event":"    return func(*args, **kwargs)","logger":"task.stdout"}
{"timestamp":"2025-12-10T02:33:30.841549Z","level":"info","event":"           ^^^^^^^^^^^^^^^^^^^^^","logger":"task.stdout"}
{"timestamp":"2025-12-10T02:33:30.841609Z","level":"info","event":"  File \"/home/nilay/examen_ing_de_sw_n_data_final/.venv/lib/python3.12/site-packages/dbt/cli/requires.py\", line 350, in wrapper","logger":"task.stdout"}
{"timestamp":"2025-12-10T02:33:30.841664Z","level":"info","event":"    return func(*args, **kwargs)","logger":"task.stdout"}
{"timestamp":"2025-12-10T02:33:30.841716Z","level":"info","event":"           ^^^^^^^^^^^^^^^^^^^^^","logger":"task.stdout"}
{"timestamp":"2025-12-10T02:33:30.841766Z","level":"info","event":"  File \"/home/nilay/examen_ing_de_sw_n_data_final/.venv/lib/python3.12/site-packages/dbt/cli/requires.py\", line 389, in wrapper","logger":"task.stdout"}
{"timestamp":"2025-12-10T02:33:30.841818Z","level":"info","event":"    setup_manifest(ctx, write=write, write_perf_info=write_perf_info)","logger":"task.stdout"}
{"timestamp":"2025-12-10T02:33:30.841869Z","level":"info","event":"  File \"/home/nilay/examen_ing_de_sw_n_data_final/.venv/lib/python3.12/site-packages/dbt/cli/requires.py\", line 416, in setup_manifest","logger":"task.stdout"}
{"timestamp":"2025-12-10T02:33:30.842017Z","level":"info","event":"    ctx.obj[\"manifest\"] = parse_manifest(","logger":"task.stdout"}
{"timestamp":"2025-12-10T02:33:30.842115Z","level":"info","event":"                          ^^^^^^^^^^^^^^^","logger":"task.stdout"}
{"timestamp":"2025-12-10T02:33:30.842179Z","level":"info","event":"  File \"/home/nilay/examen_ing_de_sw_n_data_final/.venv/lib/python3.12/site-packages/dbt/parser/manifest.py\", line 2123, in parse_manifest","logger":"task.stdout"}
{"timestamp":"2025-12-10T02:33:30.842236Z","level":"info","event":"    manifest = ManifestLoader.get_full_manifest(","logger":"task.stdout"}
{"timestamp":"2025-12-10T02:33:30.842334Z","level":"info","event":"               ^^^^^^^^^^^^^^^^^^^^^^^^^^^^^^^^^","logger":"task.stdout"}
{"timestamp":"2025-12-10T02:33:30.842427Z","level":"info","event":"  File \"/home/nilay/examen_ing_de_sw_n_data_final/.venv/lib/python3.12/site-packages/dbt/parser/manifest.py\", line 320, in get_full_manifest","logger":"task.stdout"}
{"timestamp":"2025-12-10T02:33:30.842493Z","level":"info","event":"    manifest = loader.load()","logger":"task.stdout"}
{"timestamp":"2025-12-10T02:33:30.842577Z","level":"info","event":"               ^^^^^^^^^^^^^","logger":"task.stdout"}
{"timestamp":"2025-12-10T02:33:30.842645Z","level":"info","event":"  File \"/home/nilay/examen_ing_de_sw_n_data_final/.venv/lib/python3.12/site-packages/dbt/parser/manifest.py\", line 518, in load","logger":"task.stdout"}
{"timestamp":"2025-12-10T02:33:30.842704Z","level":"info","event":"    self.write_manifest_for_partial_parse()","logger":"task.stdout"}
{"timestamp":"2025-12-10T02:33:30.842762Z","level":"info","event":"  File \"/home/nilay/examen_ing_de_sw_n_data_final/.venv/lib/python3.12/site-packages/dbt/parser/manifest.py\", line 828, in write_manifest_for_partial_parse","logger":"task.stdout"}
{"timestamp":"2025-12-10T02:33:30.842816Z","level":"info","event":"    with open(path, \"wb\") as fp:","logger":"task.stdout"}
{"timestamp":"2025-12-10T02:33:30.842867Z","level":"info","event":"         ^^^^^^^^^^^^^^^^","logger":"task.stdout"}
{"timestamp":"2025-12-10T02:33:30.842922Z","level":"info","event":"PermissionError: [Errno 13] Permission denied: '/home/nilay/examen_ing_de_sw_n_data_final/dbt/target/partial_parse.msgpack'","logger":"task.stdout"}
{"timestamp":"2025-12-10T02:33:30.843000Z","level":"info","event":"","logger":"task.stdout"}
{"timestamp":"2025-12-10T02:33:30.843060Z","level":"info","event":"\u001b[0m02:33:29  [\u001b[33mWARNING\u001b[0m][DeprecationsSummary]: Deprecated functionality","logger":"task.stdout"}
{"timestamp":"2025-12-10T02:33:30.843116Z","level":"info","event":"Summary of encountered deprecations:","logger":"task.stdout"}
{"timestamp":"2025-12-10T02:33:30.843168Z","level":"info","event":"- MissingArgumentsPropertyInGenericTestDeprecation: 1 occurrence","logger":"task.stdout"}
{"timestamp":"2025-12-10T02:33:30.843218Z","level":"info","event":"To see all deprecation instances instead of just the first occurrence of each,","logger":"task.stdout"}
{"timestamp":"2025-12-10T02:33:30.843266Z","level":"info","event":"run command again with the `--show-all-deprecations` flag. You may also need to","logger":"task.stdout"}
{"timestamp":"2025-12-10T02:33:30.843361Z","level":"info","event":"run with `--no-partial-parse` as some deprecations are only encountered during","logger":"task.stdout"}
{"timestamp":"2025-12-10T02:33:30.843454Z","level":"info","event":"parsing.","logger":"task.stdout"}
{"timestamp":"2025-12-10T02:33:30.843521Z","level":"info","event":"","logger":"task.stdout"}
{"timestamp":"2025-12-10T02:33:30.843580Z","level":"info","event":"[silver_dbt_run] STDERR:","logger":"task.stdout"}
{"timestamp":"2025-12-10T02:33:30.839249Z","level":"error","event":"Task failed with exception","logger":"task","filename":"task_runner.py","lineno":980,"error_detail":[{"exc_type":"AirflowException","exc_value":"dbt run falló. Revisar logs de STDOUT/STDERR.","exc_notes":[],"syntax_error":null,"is_cause":false,"frames":[{"filename":"/home/nilay/examen_ing_de_sw_n_data_final/.venv/lib/python3.12/site-packages/airflow/sdk/execution_time/task_runner.py","lineno":928,"name":"run"},{"filename":"/home/nilay/examen_ing_de_sw_n_data_final/.venv/lib/python3.12/site-packages/airflow/sdk/execution_time/task_runner.py","lineno":1315,"name":"_execute_task"},{"filename":"/home/nilay/examen_ing_de_sw_n_data_final/.venv/lib/python3.12/site-packages/airflow/sdk/bases/operator.py","lineno":416,"name":"wrapper"},{"filename":"/home/nilay/examen_ing_de_sw_n_data_final/.venv/lib/python3.12/site-packages/airflow/providers/standard/operators/python.py","lineno":215,"name":"execute"},{"filename":"/home/nilay/examen_ing_de_sw_n_data_final/.venv/lib/python3.12/site-packages/airflow/providers/standard/operators/python.py","lineno":238,"name":"execute_callable"},{"filename":"/home/nilay/examen_ing_de_sw_n_data_final/.venv/lib/python3.12/site-packages/airflow/sdk/execution_time/callback_runner.py","lineno":82,"name":"run"},{"filename":"/home/nilay/examen_ing_de_sw_n_data_final/dags/medallion_medallion_dag.py","lineno":103,"name":"_silver_dbt_run"}],"is_group":false,"exceptions":[]}]}
